

Started GET "/" for 127.0.0.1 at 2014-08-21 15:00:42 +0530

Gem::LoadError (Specified 'sqlite3' for database adapter, but the gem is not loaded. Add `gem 'sqlite3'` to your Gemfile.):
  activerecord (4.0.0) lib/active_record/connection_adapters/connection_specification.rb:58:in `rescue in resolve_hash_connection'
  activerecord (4.0.0) lib/active_record/connection_adapters/connection_specification.rb:55:in `resolve_hash_connection'
  activerecord (4.0.0) lib/active_record/connection_adapters/connection_specification.rb:46:in `resolve_string_connection'
  activerecord (4.0.0) lib/active_record/connection_adapters/connection_specification.rb:30:in `spec'
  activerecord (4.0.0) lib/active_record/connection_handling.rb:39:in `establish_connection'
  activerecord (4.0.0) lib/active_record/railtie.rb:175:in `block (2 levels) in <class:Railtie>'
  activesupport (4.0.0) lib/active_support/lazy_load_hooks.rb:38:in `instance_eval'
  activesupport (4.0.0) lib/active_support/lazy_load_hooks.rb:38:in `execute_hook'
  activesupport (4.0.0) lib/active_support/lazy_load_hooks.rb:45:in `block in run_load_hooks'
  activesupport (4.0.0) lib/active_support/lazy_load_hooks.rb:44:in `each'
  activesupport (4.0.0) lib/active_support/lazy_load_hooks.rb:44:in `run_load_hooks'
  activerecord (4.0.0) lib/active_record/base.rb:322:in `<module:ActiveRecord>'
  activerecord (4.0.0) lib/active_record/base.rb:22:in `<top (required)>'
  activesupport (4.0.0) lib/active_support/dependencies.rb:228:in `require'
  activesupport (4.0.0) lib/active_support/dependencies.rb:228:in `block in require'
  activesupport (4.0.0) lib/active_support/dependencies.rb:213:in `load_dependency'
  activesupport (4.0.0) lib/active_support/dependencies.rb:228:in `require'
  activerecord (4.0.0) lib/active_record/schema_migration.rb:3:in `<top (required)>'
  activerecord (4.0.0) lib/active_record/migration.rb:783:in `schema_migrations_table_name'
  activerecord (4.0.0) lib/active_record/migration.rb:791:in `current_version'
  activerecord (4.0.0) lib/active_record/migration.rb:800:in `needs_migration?'
  activerecord (4.0.0) lib/active_record/migration.rb:379:in `check_pending!'
  activerecord (4.0.0) lib/active_record/migration.rb:366:in `call'
  actionpack (4.0.0) lib/action_dispatch/middleware/callbacks.rb:29:in `block in call'
  activesupport (4.0.0) lib/active_support/callbacks.rb:373:in `_run__2230041135771222955__call__callbacks'
  activesupport (4.0.0) lib/active_support/callbacks.rb:80:in `run_callbacks'
  actionpack (4.0.0) lib/action_dispatch/middleware/callbacks.rb:27:in `call'
  actionpack (4.0.0) lib/action_dispatch/middleware/reloader.rb:64:in `call'
  actionpack (4.0.0) lib/action_dispatch/middleware/remote_ip.rb:76:in `call'
  actionpack (4.0.0) lib/action_dispatch/middleware/debug_exceptions.rb:17:in `call'
  actionpack (4.0.0) lib/action_dispatch/middleware/show_exceptions.rb:30:in `call'
  railties (4.0.0) lib/rails/rack/logger.rb:38:in `call_app'
  railties (4.0.0) lib/rails/rack/logger.rb:21:in `block in call'
  activesupport (4.0.0) lib/active_support/tagged_logging.rb:67:in `block in tagged'
  activesupport (4.0.0) lib/active_support/tagged_logging.rb:25:in `tagged'
  activesupport (4.0.0) lib/active_support/tagged_logging.rb:67:in `tagged'
  railties (4.0.0) lib/rails/rack/logger.rb:21:in `call'
  actionpack (4.0.0) lib/action_dispatch/middleware/request_id.rb:21:in `call'
  rack (1.5.2) lib/rack/methodoverride.rb:21:in `call'
  rack (1.5.2) lib/rack/runtime.rb:17:in `call'
  activesupport (4.0.0) lib/active_support/cache/strategy/local_cache.rb:83:in `call'
  rack (1.5.2) lib/rack/lock.rb:17:in `call'
  actionpack (4.0.0) lib/action_dispatch/middleware/static.rb:64:in `call'
  railties (4.0.0) lib/rails/engine.rb:511:in `call'
  railties (4.0.0) lib/rails/application.rb:97:in `call'
  rack (1.5.2) lib/rack/lock.rb:17:in `call'
  rack (1.5.2) lib/rack/content_length.rb:14:in `call'
  rack (1.5.2) lib/rack/handler/webrick.rb:60:in `service'
  /usr/lib/ruby/1.9.1/webrick/httpserver.rb:138:in `service'
  /usr/lib/ruby/1.9.1/webrick/httpserver.rb:94:in `run'
  /usr/lib/ruby/1.9.1/webrick/server.rb:191:in `block in start_thread'


  Rendered /usr/lib/ruby/gems/1.9.1/gems/actionpack-4.0.0/lib/action_dispatch/middleware/templates/rescues/_source.erb (0.7ms)
  Rendered /usr/lib/ruby/gems/1.9.1/gems/actionpack-4.0.0/lib/action_dispatch/middleware/templates/rescues/_trace.erb (3.2ms)
  Rendered /usr/lib/ruby/gems/1.9.1/gems/actionpack-4.0.0/lib/action_dispatch/middleware/templates/rescues/_request_and_response.erb (1.5ms)
  Rendered /usr/lib/ruby/gems/1.9.1/gems/actionpack-4.0.0/lib/action_dispatch/middleware/templates/rescues/diagnostics.erb within rescues/layout (35.4ms)


Started GET "/" for 127.0.0.1 at 2014-08-21 15:03:34 +0530

Gem::LoadError (Specified 'mysql2' for database adapter, but the gem is not loaded. Add `gem 'mysql2'` to your Gemfile.):
  activerecord (4.0.0) lib/active_record/connection_adapters/connection_specification.rb:58:in `rescue in resolve_hash_connection'
  activerecord (4.0.0) lib/active_record/connection_adapters/connection_specification.rb:55:in `resolve_hash_connection'
  activerecord (4.0.0) lib/active_record/connection_adapters/connection_specification.rb:46:in `resolve_string_connection'
  activerecord (4.0.0) lib/active_record/connection_adapters/connection_specification.rb:30:in `spec'
  activerecord (4.0.0) lib/active_record/connection_handling.rb:39:in `establish_connection'
  activerecord (4.0.0) lib/active_record/railtie.rb:175:in `block (2 levels) in <class:Railtie>'
  activesupport (4.0.0) lib/active_support/lazy_load_hooks.rb:38:in `instance_eval'
  activesupport (4.0.0) lib/active_support/lazy_load_hooks.rb:38:in `execute_hook'
  activesupport (4.0.0) lib/active_support/lazy_load_hooks.rb:45:in `block in run_load_hooks'
  activesupport (4.0.0) lib/active_support/lazy_load_hooks.rb:44:in `each'
  activesupport (4.0.0) lib/active_support/lazy_load_hooks.rb:44:in `run_load_hooks'
  activerecord (4.0.0) lib/active_record/base.rb:322:in `<module:ActiveRecord>'
  activerecord (4.0.0) lib/active_record/base.rb:22:in `<top (required)>'
  activesupport (4.0.0) lib/active_support/dependencies.rb:228:in `require'
  activesupport (4.0.0) lib/active_support/dependencies.rb:228:in `block in require'
  activesupport (4.0.0) lib/active_support/dependencies.rb:213:in `load_dependency'
  activesupport (4.0.0) lib/active_support/dependencies.rb:228:in `require'
  activerecord (4.0.0) lib/active_record/schema_migration.rb:3:in `<top (required)>'
  activerecord (4.0.0) lib/active_record/migration.rb:783:in `schema_migrations_table_name'
  activerecord (4.0.0) lib/active_record/migration.rb:791:in `current_version'
  activerecord (4.0.0) lib/active_record/migration.rb:800:in `needs_migration?'
  activerecord (4.0.0) lib/active_record/migration.rb:379:in `check_pending!'
  activerecord (4.0.0) lib/active_record/migration.rb:366:in `call'
  actionpack (4.0.0) lib/action_dispatch/middleware/callbacks.rb:29:in `block in call'
  activesupport (4.0.0) lib/active_support/callbacks.rb:373:in `_run__2230041135771222955__call__callbacks'
  activesupport (4.0.0) lib/active_support/callbacks.rb:80:in `run_callbacks'
  actionpack (4.0.0) lib/action_dispatch/middleware/callbacks.rb:27:in `call'
  actionpack (4.0.0) lib/action_dispatch/middleware/reloader.rb:64:in `call'
  actionpack (4.0.0) lib/action_dispatch/middleware/remote_ip.rb:76:in `call'
  actionpack (4.0.0) lib/action_dispatch/middleware/debug_exceptions.rb:17:in `call'
  actionpack (4.0.0) lib/action_dispatch/middleware/show_exceptions.rb:30:in `call'
  railties (4.0.0) lib/rails/rack/logger.rb:38:in `call_app'
  railties (4.0.0) lib/rails/rack/logger.rb:21:in `block in call'
  activesupport (4.0.0) lib/active_support/tagged_logging.rb:67:in `block in tagged'
  activesupport (4.0.0) lib/active_support/tagged_logging.rb:25:in `tagged'
  activesupport (4.0.0) lib/active_support/tagged_logging.rb:67:in `tagged'
  railties (4.0.0) lib/rails/rack/logger.rb:21:in `call'
  actionpack (4.0.0) lib/action_dispatch/middleware/request_id.rb:21:in `call'
  rack (1.5.2) lib/rack/methodoverride.rb:21:in `call'
  rack (1.5.2) lib/rack/runtime.rb:17:in `call'
  activesupport (4.0.0) lib/active_support/cache/strategy/local_cache.rb:83:in `call'
  rack (1.5.2) lib/rack/lock.rb:17:in `call'
  actionpack (4.0.0) lib/action_dispatch/middleware/static.rb:64:in `call'
  railties (4.0.0) lib/rails/engine.rb:511:in `call'
  railties (4.0.0) lib/rails/application.rb:97:in `call'
  rack (1.5.2) lib/rack/lock.rb:17:in `call'
  rack (1.5.2) lib/rack/content_length.rb:14:in `call'
  rack (1.5.2) lib/rack/handler/webrick.rb:60:in `service'
  /usr/lib/ruby/1.9.1/webrick/httpserver.rb:138:in `service'
  /usr/lib/ruby/1.9.1/webrick/httpserver.rb:94:in `run'
  /usr/lib/ruby/1.9.1/webrick/server.rb:191:in `block in start_thread'


  Rendered /usr/lib/ruby/gems/1.9.1/gems/actionpack-4.0.0/lib/action_dispatch/middleware/templates/rescues/_source.erb (0.7ms)
  Rendered /usr/lib/ruby/gems/1.9.1/gems/actionpack-4.0.0/lib/action_dispatch/middleware/templates/rescues/_trace.erb (1.2ms)
  Rendered /usr/lib/ruby/gems/1.9.1/gems/actionpack-4.0.0/lib/action_dispatch/middleware/templates/rescues/_request_and_response.erb (1.1ms)
  Rendered /usr/lib/ruby/gems/1.9.1/gems/actionpack-4.0.0/lib/action_dispatch/middleware/templates/rescues/diagnostics.erb within rescues/layout (15.4ms)


Started GET "/" for 127.0.0.1 at 2014-08-21 15:03:37 +0530

Gem::LoadError (Specified 'mysql2' for database adapter, but the gem is not loaded. Add `gem 'mysql2'` to your Gemfile.):
  activerecord (4.0.0) lib/active_record/connection_adapters/connection_specification.rb:58:in `rescue in resolve_hash_connection'
  activerecord (4.0.0) lib/active_record/connection_adapters/connection_specification.rb:55:in `resolve_hash_connection'
  activerecord (4.0.0) lib/active_record/connection_adapters/connection_specification.rb:46:in `resolve_string_connection'
  activerecord (4.0.0) lib/active_record/connection_adapters/connection_specification.rb:30:in `spec'
  activerecord (4.0.0) lib/active_record/connection_handling.rb:39:in `establish_connection'
  activerecord (4.0.0) lib/active_record/railtie.rb:175:in `block (2 levels) in <class:Railtie>'
  activesupport (4.0.0) lib/active_support/lazy_load_hooks.rb:38:in `instance_eval'
  activesupport (4.0.0) lib/active_support/lazy_load_hooks.rb:38:in `execute_hook'
  activesupport (4.0.0) lib/active_support/lazy_load_hooks.rb:45:in `block in run_load_hooks'
  activesupport (4.0.0) lib/active_support/lazy_load_hooks.rb:44:in `each'
  activesupport (4.0.0) lib/active_support/lazy_load_hooks.rb:44:in `run_load_hooks'
  activerecord (4.0.0) lib/active_record/base.rb:322:in `<module:ActiveRecord>'
  activerecord (4.0.0) lib/active_record/base.rb:22:in `<top (required)>'
  activesupport (4.0.0) lib/active_support/dependencies.rb:228:in `require'
  activesupport (4.0.0) lib/active_support/dependencies.rb:228:in `block in require'
  activesupport (4.0.0) lib/active_support/dependencies.rb:213:in `load_dependency'
  activesupport (4.0.0) lib/active_support/dependencies.rb:228:in `require'
  activerecord (4.0.0) lib/active_record/schema_migration.rb:3:in `<top (required)>'
  activerecord (4.0.0) lib/active_record/migration.rb:783:in `schema_migrations_table_name'
  activerecord (4.0.0) lib/active_record/migration.rb:791:in `current_version'
  activerecord (4.0.0) lib/active_record/migration.rb:800:in `needs_migration?'
  activerecord (4.0.0) lib/active_record/migration.rb:379:in `check_pending!'
  activerecord (4.0.0) lib/active_record/migration.rb:366:in `call'
  actionpack (4.0.0) lib/action_dispatch/middleware/callbacks.rb:29:in `block in call'
  activesupport (4.0.0) lib/active_support/callbacks.rb:373:in `_run__2230041135771222955__call__callbacks'
  activesupport (4.0.0) lib/active_support/callbacks.rb:80:in `run_callbacks'
  actionpack (4.0.0) lib/action_dispatch/middleware/callbacks.rb:27:in `call'
  actionpack (4.0.0) lib/action_dispatch/middleware/reloader.rb:64:in `call'
  actionpack (4.0.0) lib/action_dispatch/middleware/remote_ip.rb:76:in `call'
  actionpack (4.0.0) lib/action_dispatch/middleware/debug_exceptions.rb:17:in `call'
  actionpack (4.0.0) lib/action_dispatch/middleware/show_exceptions.rb:30:in `call'
  railties (4.0.0) lib/rails/rack/logger.rb:38:in `call_app'
  railties (4.0.0) lib/rails/rack/logger.rb:21:in `block in call'
  activesupport (4.0.0) lib/active_support/tagged_logging.rb:67:in `block in tagged'
  activesupport (4.0.0) lib/active_support/tagged_logging.rb:25:in `tagged'
  activesupport (4.0.0) lib/active_support/tagged_logging.rb:67:in `tagged'
  railties (4.0.0) lib/rails/rack/logger.rb:21:in `call'
  actionpack (4.0.0) lib/action_dispatch/middleware/request_id.rb:21:in `call'
  rack (1.5.2) lib/rack/methodoverride.rb:21:in `call'
  rack (1.5.2) lib/rack/runtime.rb:17:in `call'
  activesupport (4.0.0) lib/active_support/cache/strategy/local_cache.rb:83:in `call'
  rack (1.5.2) lib/rack/lock.rb:17:in `call'
  actionpack (4.0.0) lib/action_dispatch/middleware/static.rb:64:in `call'
  railties (4.0.0) lib/rails/engine.rb:511:in `call'
  railties (4.0.0) lib/rails/application.rb:97:in `call'
  rack (1.5.2) lib/rack/lock.rb:17:in `call'
  rack (1.5.2) lib/rack/content_length.rb:14:in `call'
  rack (1.5.2) lib/rack/handler/webrick.rb:60:in `service'
  /usr/lib/ruby/1.9.1/webrick/httpserver.rb:138:in `service'
  /usr/lib/ruby/1.9.1/webrick/httpserver.rb:94:in `run'
  /usr/lib/ruby/1.9.1/webrick/server.rb:191:in `block in start_thread'


  Rendered /usr/lib/ruby/gems/1.9.1/gems/actionpack-4.0.0/lib/action_dispatch/middleware/templates/rescues/_source.erb (0.6ms)
  Rendered /usr/lib/ruby/gems/1.9.1/gems/actionpack-4.0.0/lib/action_dispatch/middleware/templates/rescues/_trace.erb (1.2ms)
  Rendered /usr/lib/ruby/gems/1.9.1/gems/actionpack-4.0.0/lib/action_dispatch/middleware/templates/rescues/_request_and_response.erb (0.9ms)
  Rendered /usr/lib/ruby/gems/1.9.1/gems/actionpack-4.0.0/lib/action_dispatch/middleware/templates/rescues/diagnostics.erb within rescues/layout (13.6ms)


Started GET "/" for 127.0.0.1 at 2014-08-21 15:04:25 +0530

ActiveRecord::PendingMigrationError (Migrations are pending; run 'rake db:migrate RAILS_ENV=development' to resolve this issue.):
  activerecord (4.0.0) lib/active_record/migration.rb:379:in `check_pending!'
  activerecord (4.0.0) lib/active_record/migration.rb:366:in `call'
  actionpack (4.0.0) lib/action_dispatch/middleware/callbacks.rb:29:in `block in call'
  activesupport (4.0.0) lib/active_support/callbacks.rb:373:in `_run__3627286077765340101__call__callbacks'
  activesupport (4.0.0) lib/active_support/callbacks.rb:80:in `run_callbacks'
  actionpack (4.0.0) lib/action_dispatch/middleware/callbacks.rb:27:in `call'
  actionpack (4.0.0) lib/action_dispatch/middleware/reloader.rb:64:in `call'
  actionpack (4.0.0) lib/action_dispatch/middleware/remote_ip.rb:76:in `call'
  actionpack (4.0.0) lib/action_dispatch/middleware/debug_exceptions.rb:17:in `call'
  actionpack (4.0.0) lib/action_dispatch/middleware/show_exceptions.rb:30:in `call'
  railties (4.0.0) lib/rails/rack/logger.rb:38:in `call_app'
  railties (4.0.0) lib/rails/rack/logger.rb:21:in `block in call'
  activesupport (4.0.0) lib/active_support/tagged_logging.rb:67:in `block in tagged'
  activesupport (4.0.0) lib/active_support/tagged_logging.rb:25:in `tagged'
  activesupport (4.0.0) lib/active_support/tagged_logging.rb:67:in `tagged'
  railties (4.0.0) lib/rails/rack/logger.rb:21:in `call'
  actionpack (4.0.0) lib/action_dispatch/middleware/request_id.rb:21:in `call'
  rack (1.5.2) lib/rack/methodoverride.rb:21:in `call'
  rack (1.5.2) lib/rack/runtime.rb:17:in `call'
  activesupport (4.0.0) lib/active_support/cache/strategy/local_cache.rb:83:in `call'
  rack (1.5.2) lib/rack/lock.rb:17:in `call'
  actionpack (4.0.0) lib/action_dispatch/middleware/static.rb:64:in `call'
  railties (4.0.0) lib/rails/engine.rb:511:in `call'
  railties (4.0.0) lib/rails/application.rb:97:in `call'
  rack (1.5.2) lib/rack/lock.rb:17:in `call'
  rack (1.5.2) lib/rack/content_length.rb:14:in `call'
  rack (1.5.2) lib/rack/handler/webrick.rb:60:in `service'
  /usr/lib/ruby/1.9.1/webrick/httpserver.rb:138:in `service'
  /usr/lib/ruby/1.9.1/webrick/httpserver.rb:94:in `run'
  /usr/lib/ruby/1.9.1/webrick/server.rb:191:in `block in start_thread'


  Rendered /usr/lib/ruby/gems/1.9.1/gems/actionpack-4.0.0/lib/action_dispatch/middleware/templates/rescues/_source.erb (0.8ms)
  Rendered /usr/lib/ruby/gems/1.9.1/gems/actionpack-4.0.0/lib/action_dispatch/middleware/templates/rescues/_trace.erb (1.3ms)
  Rendered /usr/lib/ruby/gems/1.9.1/gems/actionpack-4.0.0/lib/action_dispatch/middleware/templates/rescues/_request_and_response.erb (1.0ms)
  Rendered /usr/lib/ruby/gems/1.9.1/gems/actionpack-4.0.0/lib/action_dispatch/middleware/templates/rescues/diagnostics.erb within rescues/layout (35.6ms)


Started GET "/" for 127.0.0.1 at 2014-08-21 15:04:29 +0530

ActiveRecord::PendingMigrationError (Migrations are pending; run 'rake db:migrate RAILS_ENV=development' to resolve this issue.):
  activerecord (4.0.0) lib/active_record/migration.rb:379:in `check_pending!'
  activerecord (4.0.0) lib/active_record/migration.rb:366:in `call'
  actionpack (4.0.0) lib/action_dispatch/middleware/callbacks.rb:29:in `block in call'
  activesupport (4.0.0) lib/active_support/callbacks.rb:373:in `_run__3627286077765340101__call__callbacks'
  activesupport (4.0.0) lib/active_support/callbacks.rb:80:in `run_callbacks'
  actionpack (4.0.0) lib/action_dispatch/middleware/callbacks.rb:27:in `call'
  actionpack (4.0.0) lib/action_dispatch/middleware/reloader.rb:64:in `call'
  actionpack (4.0.0) lib/action_dispatch/middleware/remote_ip.rb:76:in `call'
  actionpack (4.0.0) lib/action_dispatch/middleware/debug_exceptions.rb:17:in `call'
  actionpack (4.0.0) lib/action_dispatch/middleware/show_exceptions.rb:30:in `call'
  railties (4.0.0) lib/rails/rack/logger.rb:38:in `call_app'
  railties (4.0.0) lib/rails/rack/logger.rb:21:in `block in call'
  activesupport (4.0.0) lib/active_support/tagged_logging.rb:67:in `block in tagged'
  activesupport (4.0.0) lib/active_support/tagged_logging.rb:25:in `tagged'
  activesupport (4.0.0) lib/active_support/tagged_logging.rb:67:in `tagged'
  railties (4.0.0) lib/rails/rack/logger.rb:21:in `call'
  actionpack (4.0.0) lib/action_dispatch/middleware/request_id.rb:21:in `call'
  rack (1.5.2) lib/rack/methodoverride.rb:21:in `call'
  rack (1.5.2) lib/rack/runtime.rb:17:in `call'
  activesupport (4.0.0) lib/active_support/cache/strategy/local_cache.rb:83:in `call'
  rack (1.5.2) lib/rack/lock.rb:17:in `call'
  actionpack (4.0.0) lib/action_dispatch/middleware/static.rb:64:in `call'
  railties (4.0.0) lib/rails/engine.rb:511:in `call'
  railties (4.0.0) lib/rails/application.rb:97:in `call'
  rack (1.5.2) lib/rack/lock.rb:17:in `call'
  rack (1.5.2) lib/rack/content_length.rb:14:in `call'
  rack (1.5.2) lib/rack/handler/webrick.rb:60:in `service'
  /usr/lib/ruby/1.9.1/webrick/httpserver.rb:138:in `service'
  /usr/lib/ruby/1.9.1/webrick/httpserver.rb:94:in `run'
  /usr/lib/ruby/1.9.1/webrick/server.rb:191:in `block in start_thread'


  Rendered /usr/lib/ruby/gems/1.9.1/gems/actionpack-4.0.0/lib/action_dispatch/middleware/templates/rescues/_source.erb (0.6ms)
  Rendered /usr/lib/ruby/gems/1.9.1/gems/actionpack-4.0.0/lib/action_dispatch/middleware/templates/rescues/_trace.erb (1.3ms)
  Rendered /usr/lib/ruby/gems/1.9.1/gems/actionpack-4.0.0/lib/action_dispatch/middleware/templates/rescues/_request_and_response.erb (1.3ms)
  Rendered /usr/lib/ruby/gems/1.9.1/gems/actionpack-4.0.0/lib/action_dispatch/middleware/templates/rescues/diagnostics.erb within rescues/layout (14.7ms)


Started GET "/" for 127.0.0.1 at 2014-08-21 15:07:36 +0530

ActiveRecord::PendingMigrationError (Migrations are pending; run 'rake db:migrate RAILS_ENV=development' to resolve this issue.):
  activerecord (4.0.0) lib/active_record/migration.rb:379:in `check_pending!'
  activerecord (4.0.0) lib/active_record/migration.rb:366:in `call'
  actionpack (4.0.0) lib/action_dispatch/middleware/callbacks.rb:29:in `block in call'
  activesupport (4.0.0) lib/active_support/callbacks.rb:373:in `_run__4180505463594500020__call__callbacks'
  activesupport (4.0.0) lib/active_support/callbacks.rb:80:in `run_callbacks'
  actionpack (4.0.0) lib/action_dispatch/middleware/callbacks.rb:27:in `call'
  actionpack (4.0.0) lib/action_dispatch/middleware/reloader.rb:64:in `call'
  actionpack (4.0.0) lib/action_dispatch/middleware/remote_ip.rb:76:in `call'
  actionpack (4.0.0) lib/action_dispatch/middleware/debug_exceptions.rb:17:in `call'
  actionpack (4.0.0) lib/action_dispatch/middleware/show_exceptions.rb:30:in `call'
  railties (4.0.0) lib/rails/rack/logger.rb:38:in `call_app'
  railties (4.0.0) lib/rails/rack/logger.rb:21:in `block in call'
  activesupport (4.0.0) lib/active_support/tagged_logging.rb:67:in `block in tagged'
  activesupport (4.0.0) lib/active_support/tagged_logging.rb:25:in `tagged'
  activesupport (4.0.0) lib/active_support/tagged_logging.rb:67:in `tagged'
  railties (4.0.0) lib/rails/rack/logger.rb:21:in `call'
  actionpack (4.0.0) lib/action_dispatch/middleware/request_id.rb:21:in `call'
  rack (1.5.2) lib/rack/methodoverride.rb:21:in `call'
  rack (1.5.2) lib/rack/runtime.rb:17:in `call'
  activesupport (4.0.0) lib/active_support/cache/strategy/local_cache.rb:83:in `call'
  rack (1.5.2) lib/rack/lock.rb:17:in `call'
  actionpack (4.0.0) lib/action_dispatch/middleware/static.rb:64:in `call'
  railties (4.0.0) lib/rails/engine.rb:511:in `call'
  railties (4.0.0) lib/rails/application.rb:97:in `call'
  rack (1.5.2) lib/rack/lock.rb:17:in `call'
  rack (1.5.2) lib/rack/content_length.rb:14:in `call'
  rack (1.5.2) lib/rack/handler/webrick.rb:60:in `service'
  /usr/lib/ruby/1.9.1/webrick/httpserver.rb:138:in `service'
  /usr/lib/ruby/1.9.1/webrick/httpserver.rb:94:in `run'
  /usr/lib/ruby/1.9.1/webrick/server.rb:191:in `block in start_thread'


  Rendered /usr/lib/ruby/gems/1.9.1/gems/actionpack-4.0.0/lib/action_dispatch/middleware/templates/rescues/_source.erb (0.6ms)
  Rendered /usr/lib/ruby/gems/1.9.1/gems/actionpack-4.0.0/lib/action_dispatch/middleware/templates/rescues/_trace.erb (1.1ms)
  Rendered /usr/lib/ruby/gems/1.9.1/gems/actionpack-4.0.0/lib/action_dispatch/middleware/templates/rescues/_request_and_response.erb (1.1ms)
  Rendered /usr/lib/ruby/gems/1.9.1/gems/actionpack-4.0.0/lib/action_dispatch/middleware/templates/rescues/diagnostics.erb within rescues/layout (15.6ms)
  [1m[36m (602.0ms)[0m  [1mCREATE TABLE `schema_migrations` (`version` varchar(255) NOT NULL) ENGINE=InnoDB[0m
  [1m[35m (515.4ms)[0m  CREATE UNIQUE INDEX `unique_schema_migrations` ON `schema_migrations` (`version`) 
  [1m[36mActiveRecord::SchemaMigration Load (5.7ms)[0m  [1mSELECT `schema_migrations`.* FROM `schema_migrations`[0m
Migrating to CreateUsers (20131103173130)
  [1m[35m (223.0ms)[0m  CREATE TABLE `users` (`id` int(11) DEFAULT NULL auto_increment PRIMARY KEY, `provider` varchar(255), `uid` varchar(255), `name` varchar(255), `oauth_token` varchar(255), `oauth_expires_at` datetime, `created_at` datetime, `updated_at` datetime) ENGINE=InnoDB
  [1m[36m (0.2ms)[0m  [1mBEGIN[0m
  [1m[35mSQL (82.3ms)[0m  INSERT INTO `schema_migrations` (`version`) VALUES ('20131103173130')
  [1m[36m (147.1ms)[0m  [1mCOMMIT[0m
  [1m[35mActiveRecord::SchemaMigration Load (0.5ms)[0m  SELECT `schema_migrations`.* FROM `schema_migrations`


Started GET "/" for 127.0.0.1 at 2014-08-21 15:10:56 +0530
  [1m[36mActiveRecord::SchemaMigration Load (0.3ms)[0m  [1mSELECT `schema_migrations`.* FROM `schema_migrations`[0m
Processing by HomeController#show as HTML
  Rendered home/show.html.erb within layouts/application (2.2ms)
Completed 200 OK in 1388ms (Views: 1348.8ms | ActiveRecord: 0.0ms)


Started GET "/assets/application.css?body=1" for 127.0.0.1 at 2014-08-21 15:10:59 +0530


Started GET "/assets/home.css?body=1" for 127.0.0.1 at 2014-08-21 15:10:59 +0530


Started GET "/assets/sessions.css?body=1" for 127.0.0.1 at 2014-08-21 15:10:59 +0530


Started GET "/assets/jquery.js?body=1" for 127.0.0.1 at 2014-08-21 15:10:59 +0530


Started GET "/assets/sessions.js?body=1" for 127.0.0.1 at 2014-08-21 15:10:59 +0530


Started GET "/assets/turbolinks.js?body=1" for 127.0.0.1 at 2014-08-21 15:10:59 +0530


Started GET "/assets/jquery_ujs.js?body=1" for 127.0.0.1 at 2014-08-21 15:10:59 +0530


Started GET "/assets/home.js?body=1" for 127.0.0.1 at 2014-08-21 15:10:59 +0530


Started GET "/assets/application.js?body=1" for 127.0.0.1 at 2014-08-21 15:10:59 +0530


Started GET "/auth/facebook" for 127.0.0.1 at 2014-08-21 15:11:01 +0530
(facebook) Request phase initiated.


Started GET "/auth/facebook" for 127.0.0.1 at 2014-08-21 15:11:01 +0530
(facebook) Request phase initiated.


Started GET "/" for 127.0.0.1 at 2014-08-21 15:16:58 +0530
Processing by HomeController#show as HTML
  Rendered home/show.html.erb within layouts/application (0.1ms)
Completed 200 OK in 5ms (Views: 3.8ms | ActiveRecord: 0.0ms)


Started GET "/assets/application.css?body=1" for 127.0.0.1 at 2014-08-21 15:16:58 +0530


Started GET "/assets/home.css?body=1" for 127.0.0.1 at 2014-08-21 15:16:58 +0530


Started GET "/assets/sessions.css?body=1" for 127.0.0.1 at 2014-08-21 15:16:58 +0530


Started GET "/assets/jquery.js?body=1" for 127.0.0.1 at 2014-08-21 15:16:58 +0530


Started GET "/assets/jquery_ujs.js?body=1" for 127.0.0.1 at 2014-08-21 15:16:58 +0530


Started GET "/assets/turbolinks.js?body=1" for 127.0.0.1 at 2014-08-21 15:16:58 +0530


Started GET "/assets/home.js?body=1" for 127.0.0.1 at 2014-08-21 15:16:58 +0530


Started GET "/assets/sessions.js?body=1" for 127.0.0.1 at 2014-08-21 15:16:58 +0530


Started GET "/assets/application.js?body=1" for 127.0.0.1 at 2014-08-21 15:16:58 +0530


Started GET "/auth/facebook" for 127.0.0.1 at 2014-08-21 15:17:00 +0530
(facebook) Request phase initiated.


Started GET "/auth/facebook" for 127.0.0.1 at 2014-08-21 15:17:00 +0530
(facebook) Request phase initiated.


Started GET "/" for 127.0.0.1 at 2014-08-21 15:20:24 +0530
Processing by HomeController#show as HTML
  Rendered home/show.html.erb within layouts/application (0.0ms)
Completed 200 OK in 4ms (Views: 3.0ms | ActiveRecord: 0.0ms)


Started GET "/assets/application.css?body=1" for 127.0.0.1 at 2014-08-21 15:20:24 +0530


Started GET "/assets/home.css?body=1" for 127.0.0.1 at 2014-08-21 15:20:24 +0530


Started GET "/assets/sessions.css?body=1" for 127.0.0.1 at 2014-08-21 15:20:24 +0530


Started GET "/assets/jquery.js?body=1" for 127.0.0.1 at 2014-08-21 15:20:24 +0530


Started GET "/assets/jquery_ujs.js?body=1" for 127.0.0.1 at 2014-08-21 15:20:24 +0530


Started GET "/assets/turbolinks.js?body=1" for 127.0.0.1 at 2014-08-21 15:20:24 +0530


Started GET "/assets/home.js?body=1" for 127.0.0.1 at 2014-08-21 15:20:24 +0530


Started GET "/assets/sessions.js?body=1" for 127.0.0.1 at 2014-08-21 15:20:24 +0530


Started GET "/assets/application.js?body=1" for 127.0.0.1 at 2014-08-21 15:20:24 +0530


Started GET "/auth/facebook" for 127.0.0.1 at 2014-08-21 15:20:25 +0530
(facebook) Request phase initiated.


Started GET "/auth/facebook" for 127.0.0.1 at 2014-08-21 15:20:25 +0530
(facebook) Request phase initiated.


Started GET "/" for 127.0.0.1 at 2014-08-21 15:22:00 +0530
  [1m[36mActiveRecord::SchemaMigration Load (0.3ms)[0m  [1mSELECT `schema_migrations`.* FROM `schema_migrations`[0m
Processing by HomeController#show as HTML
  Rendered home/show.html.erb within layouts/application (19.8ms)
Completed 200 OK in 96ms (Views: 73.2ms | ActiveRecord: 0.0ms)


Started GET "/assets/application.css?body=1" for 127.0.0.1 at 2014-08-21 15:22:00 +0530


Started GET "/assets/home.css?body=1" for 127.0.0.1 at 2014-08-21 15:22:00 +0530


Started GET "/assets/sessions.css?body=1" for 127.0.0.1 at 2014-08-21 15:22:00 +0530


Started GET "/assets/jquery_ujs.js?body=1" for 127.0.0.1 at 2014-08-21 15:22:00 +0530


Started GET "/assets/jquery.js?body=1" for 127.0.0.1 at 2014-08-21 15:22:00 +0530


Started GET "/assets/turbolinks.js?body=1" for 127.0.0.1 at 2014-08-21 15:22:00 +0530


Started GET "/assets/home.js?body=1" for 127.0.0.1 at 2014-08-21 15:22:00 +0530


Started GET "/assets/sessions.js?body=1" for 127.0.0.1 at 2014-08-21 15:22:00 +0530


Started GET "/assets/application.js?body=1" for 127.0.0.1 at 2014-08-21 15:22:00 +0530


Started GET "/auth/facebook" for 127.0.0.1 at 2014-08-21 15:22:02 +0530
(facebook) Request phase initiated.


Started GET "/auth/facebook" for 127.0.0.1 at 2014-08-21 15:22:02 +0530
(facebook) Request phase initiated.


Started GET "/home/show" for 127.0.0.1 at 2014-08-21 15:27:18 +0530

ActionController::RoutingError (No route matches [GET] "/home/show"):
  actionpack (4.0.0) lib/action_dispatch/middleware/debug_exceptions.rb:21:in `call'
  actionpack (4.0.0) lib/action_dispatch/middleware/show_exceptions.rb:30:in `call'
  railties (4.0.0) lib/rails/rack/logger.rb:38:in `call_app'
  railties (4.0.0) lib/rails/rack/logger.rb:21:in `block in call'
  activesupport (4.0.0) lib/active_support/tagged_logging.rb:67:in `block in tagged'
  activesupport (4.0.0) lib/active_support/tagged_logging.rb:25:in `tagged'
  activesupport (4.0.0) lib/active_support/tagged_logging.rb:67:in `tagged'
  railties (4.0.0) lib/rails/rack/logger.rb:21:in `call'
  actionpack (4.0.0) lib/action_dispatch/middleware/request_id.rb:21:in `call'
  rack (1.5.2) lib/rack/methodoverride.rb:21:in `call'
  rack (1.5.2) lib/rack/runtime.rb:17:in `call'
  activesupport (4.0.0) lib/active_support/cache/strategy/local_cache.rb:83:in `call'
  rack (1.5.2) lib/rack/lock.rb:17:in `call'
  actionpack (4.0.0) lib/action_dispatch/middleware/static.rb:64:in `call'
  railties (4.0.0) lib/rails/engine.rb:511:in `call'
  railties (4.0.0) lib/rails/application.rb:97:in `call'
  rack (1.5.2) lib/rack/lock.rb:17:in `call'
  rack (1.5.2) lib/rack/content_length.rb:14:in `call'
  rack (1.5.2) lib/rack/handler/webrick.rb:60:in `service'
  /usr/lib/ruby/1.9.1/webrick/httpserver.rb:138:in `service'
  /usr/lib/ruby/1.9.1/webrick/httpserver.rb:94:in `run'
  /usr/lib/ruby/1.9.1/webrick/server.rb:191:in `block in start_thread'


  Rendered /usr/lib/ruby/gems/1.9.1/gems/actionpack-4.0.0/lib/action_dispatch/middleware/templates/rescues/_trace.erb (1.6ms)
  Rendered /usr/lib/ruby/gems/1.9.1/gems/actionpack-4.0.0/lib/action_dispatch/middleware/templates/routes/_route.html.erb (1.3ms)
  Rendered /usr/lib/ruby/gems/1.9.1/gems/actionpack-4.0.0/lib/action_dispatch/middleware/templates/routes/_table.html.erb (56.6ms)
  Rendered /usr/lib/ruby/gems/1.9.1/gems/actionpack-4.0.0/lib/action_dispatch/middleware/templates/rescues/routing_error.erb within rescues/layout (94.0ms)


Started GET "/home" for 127.0.0.1 at 2014-08-21 15:27:24 +0530

ActionController::RoutingError (uninitialized constant HomesController):
  activesupport (4.0.0) lib/active_support/inflector/methods.rb:226:in `const_get'
  activesupport (4.0.0) lib/active_support/inflector/methods.rb:226:in `block in constantize'
  activesupport (4.0.0) lib/active_support/inflector/methods.rb:224:in `each'
  activesupport (4.0.0) lib/active_support/inflector/methods.rb:224:in `inject'
  activesupport (4.0.0) lib/active_support/inflector/methods.rb:224:in `constantize'
  actionpack (4.0.0) lib/action_dispatch/routing/route_set.rb:76:in `controller_reference'
  actionpack (4.0.0) lib/action_dispatch/routing/route_set.rb:66:in `controller'
  actionpack (4.0.0) lib/action_dispatch/routing/route_set.rb:44:in `call'
  actionpack (4.0.0) lib/action_dispatch/journey/router.rb:71:in `block in call'
  actionpack (4.0.0) lib/action_dispatch/journey/router.rb:59:in `each'
  actionpack (4.0.0) lib/action_dispatch/journey/router.rb:59:in `call'
  actionpack (4.0.0) lib/action_dispatch/routing/route_set.rb:655:in `call'
  omniauth (1.1.4) lib/omniauth/strategy.rb:184:in `call!'
  omniauth (1.1.4) lib/omniauth/strategy.rb:164:in `call'
  omniauth (1.1.4) lib/omniauth/builder.rb:49:in `call'
  rack (1.5.2) lib/rack/etag.rb:23:in `call'
  rack (1.5.2) lib/rack/conditionalget.rb:25:in `call'
  rack (1.5.2) lib/rack/head.rb:11:in `call'
  actionpack (4.0.0) lib/action_dispatch/middleware/params_parser.rb:27:in `call'
  actionpack (4.0.0) lib/action_dispatch/middleware/flash.rb:241:in `call'
  rack (1.5.2) lib/rack/session/abstract/id.rb:225:in `context'
  rack (1.5.2) lib/rack/session/abstract/id.rb:220:in `call'
  actionpack (4.0.0) lib/action_dispatch/middleware/cookies.rb:486:in `call'
  activerecord (4.0.0) lib/active_record/query_cache.rb:36:in `call'
  activerecord (4.0.0) lib/active_record/connection_adapters/abstract/connection_pool.rb:626:in `call'
  activerecord (4.0.0) lib/active_record/migration.rb:369:in `call'
  actionpack (4.0.0) lib/action_dispatch/middleware/callbacks.rb:29:in `block in call'
  activesupport (4.0.0) lib/active_support/callbacks.rb:373:in `_run__2881966289456032526__call__callbacks'
  activesupport (4.0.0) lib/active_support/callbacks.rb:80:in `run_callbacks'
  actionpack (4.0.0) lib/action_dispatch/middleware/callbacks.rb:27:in `call'
  actionpack (4.0.0) lib/action_dispatch/middleware/reloader.rb:64:in `call'
  actionpack (4.0.0) lib/action_dispatch/middleware/remote_ip.rb:76:in `call'
  actionpack (4.0.0) lib/action_dispatch/middleware/debug_exceptions.rb:17:in `call'
  actionpack (4.0.0) lib/action_dispatch/middleware/show_exceptions.rb:30:in `call'
  railties (4.0.0) lib/rails/rack/logger.rb:38:in `call_app'
  railties (4.0.0) lib/rails/rack/logger.rb:21:in `block in call'
  activesupport (4.0.0) lib/active_support/tagged_logging.rb:67:in `block in tagged'
  activesupport (4.0.0) lib/active_support/tagged_logging.rb:25:in `tagged'
  activesupport (4.0.0) lib/active_support/tagged_logging.rb:67:in `tagged'
  railties (4.0.0) lib/rails/rack/logger.rb:21:in `call'
  actionpack (4.0.0) lib/action_dispatch/middleware/request_id.rb:21:in `call'
  rack (1.5.2) lib/rack/methodoverride.rb:21:in `call'
  rack (1.5.2) lib/rack/runtime.rb:17:in `call'
  activesupport (4.0.0) lib/active_support/cache/strategy/local_cache.rb:83:in `call'
  rack (1.5.2) lib/rack/lock.rb:17:in `call'
  actionpack (4.0.0) lib/action_dispatch/middleware/static.rb:64:in `call'
  railties (4.0.0) lib/rails/engine.rb:511:in `call'
  railties (4.0.0) lib/rails/application.rb:97:in `call'
  rack (1.5.2) lib/rack/lock.rb:17:in `call'
  rack (1.5.2) lib/rack/content_length.rb:14:in `call'
  rack (1.5.2) lib/rack/handler/webrick.rb:60:in `service'
  /usr/lib/ruby/1.9.1/webrick/httpserver.rb:138:in `service'
  /usr/lib/ruby/1.9.1/webrick/httpserver.rb:94:in `run'
  /usr/lib/ruby/1.9.1/webrick/server.rb:191:in `block in start_thread'


  Rendered /usr/lib/ruby/gems/1.9.1/gems/actionpack-4.0.0/lib/action_dispatch/middleware/templates/rescues/_trace.erb (1.3ms)
  Rendered /usr/lib/ruby/gems/1.9.1/gems/actionpack-4.0.0/lib/action_dispatch/middleware/templates/routes/_route.html.erb (2.0ms)
  Rendered /usr/lib/ruby/gems/1.9.1/gems/actionpack-4.0.0/lib/action_dispatch/middleware/templates/routes/_table.html.erb (1.2ms)
  Rendered /usr/lib/ruby/gems/1.9.1/gems/actionpack-4.0.0/lib/action_dispatch/middleware/templates/rescues/routing_error.erb within rescues/layout (23.2ms)


Started GET "/home/show/" for 127.0.0.1 at 2014-08-21 15:27:33 +0530

ActionController::RoutingError (No route matches [GET] "/home/show"):
  actionpack (4.0.0) lib/action_dispatch/middleware/debug_exceptions.rb:21:in `call'
  actionpack (4.0.0) lib/action_dispatch/middleware/show_exceptions.rb:30:in `call'
  railties (4.0.0) lib/rails/rack/logger.rb:38:in `call_app'
  railties (4.0.0) lib/rails/rack/logger.rb:21:in `block in call'
  activesupport (4.0.0) lib/active_support/tagged_logging.rb:67:in `block in tagged'
  activesupport (4.0.0) lib/active_support/tagged_logging.rb:25:in `tagged'
  activesupport (4.0.0) lib/active_support/tagged_logging.rb:67:in `tagged'
  railties (4.0.0) lib/rails/rack/logger.rb:21:in `call'
  actionpack (4.0.0) lib/action_dispatch/middleware/request_id.rb:21:in `call'
  rack (1.5.2) lib/rack/methodoverride.rb:21:in `call'
  rack (1.5.2) lib/rack/runtime.rb:17:in `call'
  activesupport (4.0.0) lib/active_support/cache/strategy/local_cache.rb:83:in `call'
  rack (1.5.2) lib/rack/lock.rb:17:in `call'
  actionpack (4.0.0) lib/action_dispatch/middleware/static.rb:64:in `call'
  railties (4.0.0) lib/rails/engine.rb:511:in `call'
  railties (4.0.0) lib/rails/application.rb:97:in `call'
  rack (1.5.2) lib/rack/lock.rb:17:in `call'
  rack (1.5.2) lib/rack/content_length.rb:14:in `call'
  rack (1.5.2) lib/rack/handler/webrick.rb:60:in `service'
  /usr/lib/ruby/1.9.1/webrick/httpserver.rb:138:in `service'
  /usr/lib/ruby/1.9.1/webrick/httpserver.rb:94:in `run'
  /usr/lib/ruby/1.9.1/webrick/server.rb:191:in `block in start_thread'


  Rendered /usr/lib/ruby/gems/1.9.1/gems/actionpack-4.0.0/lib/action_dispatch/middleware/templates/rescues/_trace.erb (1.1ms)
  Rendered /usr/lib/ruby/gems/1.9.1/gems/actionpack-4.0.0/lib/action_dispatch/middleware/templates/routes/_route.html.erb (1.4ms)
  Rendered /usr/lib/ruby/gems/1.9.1/gems/actionpack-4.0.0/lib/action_dispatch/middleware/templates/routes/_table.html.erb (1.7ms)
  Rendered /usr/lib/ruby/gems/1.9.1/gems/actionpack-4.0.0/lib/action_dispatch/middleware/templates/rescues/routing_error.erb within rescues/layout (18.9ms)


Started GET "/" for 127.0.0.1 at 2014-08-21 15:27:42 +0530
Processing by HomeController#show as HTML
  Rendered home/show.html.erb within layouts/application (0.1ms)
Completed 200 OK in 4ms (Views: 3.2ms | ActiveRecord: 0.0ms)


Started GET "/assets/application.css?body=1" for 127.0.0.1 at 2014-08-21 15:27:42 +0530


Started GET "/assets/home.css?body=1" for 127.0.0.1 at 2014-08-21 15:27:42 +0530


Started GET "/assets/sessions.css?body=1" for 127.0.0.1 at 2014-08-21 15:27:42 +0530


Started GET "/assets/jquery.js?body=1" for 127.0.0.1 at 2014-08-21 15:27:42 +0530


Started GET "/assets/jquery_ujs.js?body=1" for 127.0.0.1 at 2014-08-21 15:27:42 +0530


Started GET "/assets/turbolinks.js?body=1" for 127.0.0.1 at 2014-08-21 15:27:42 +0530


Started GET "/assets/home.js?body=1" for 127.0.0.1 at 2014-08-21 15:27:42 +0530


Started GET "/assets/sessions.js?body=1" for 127.0.0.1 at 2014-08-21 15:27:42 +0530


Started GET "/assets/application.js?body=1" for 127.0.0.1 at 2014-08-21 15:27:42 +0530


Started GET "/sessions/create" for 127.0.0.1 at 2014-08-21 15:28:18 +0530

ActionController::RoutingError (No route matches [GET] "/sessions/create"):
  actionpack (4.0.0) lib/action_dispatch/middleware/debug_exceptions.rb:21:in `call'
  actionpack (4.0.0) lib/action_dispatch/middleware/show_exceptions.rb:30:in `call'
  railties (4.0.0) lib/rails/rack/logger.rb:38:in `call_app'
  railties (4.0.0) lib/rails/rack/logger.rb:21:in `block in call'
  activesupport (4.0.0) lib/active_support/tagged_logging.rb:67:in `block in tagged'
  activesupport (4.0.0) lib/active_support/tagged_logging.rb:25:in `tagged'
  activesupport (4.0.0) lib/active_support/tagged_logging.rb:67:in `tagged'
  railties (4.0.0) lib/rails/rack/logger.rb:21:in `call'
  actionpack (4.0.0) lib/action_dispatch/middleware/request_id.rb:21:in `call'
  rack (1.5.2) lib/rack/methodoverride.rb:21:in `call'
  rack (1.5.2) lib/rack/runtime.rb:17:in `call'
  activesupport (4.0.0) lib/active_support/cache/strategy/local_cache.rb:83:in `call'
  rack (1.5.2) lib/rack/lock.rb:17:in `call'
  actionpack (4.0.0) lib/action_dispatch/middleware/static.rb:64:in `call'
  railties (4.0.0) lib/rails/engine.rb:511:in `call'
  railties (4.0.0) lib/rails/application.rb:97:in `call'
  rack (1.5.2) lib/rack/lock.rb:17:in `call'
  rack (1.5.2) lib/rack/content_length.rb:14:in `call'
  rack (1.5.2) lib/rack/handler/webrick.rb:60:in `service'
  /usr/lib/ruby/1.9.1/webrick/httpserver.rb:138:in `service'
  /usr/lib/ruby/1.9.1/webrick/httpserver.rb:94:in `run'
  /usr/lib/ruby/1.9.1/webrick/server.rb:191:in `block in start_thread'


  Rendered /usr/lib/ruby/gems/1.9.1/gems/actionpack-4.0.0/lib/action_dispatch/middleware/templates/rescues/_trace.erb (1.6ms)
  Rendered /usr/lib/ruby/gems/1.9.1/gems/actionpack-4.0.0/lib/action_dispatch/middleware/templates/routes/_route.html.erb (1.2ms)
  Rendered /usr/lib/ruby/gems/1.9.1/gems/actionpack-4.0.0/lib/action_dispatch/middleware/templates/routes/_table.html.erb (1.8ms)
  Rendered /usr/lib/ruby/gems/1.9.1/gems/actionpack-4.0.0/lib/action_dispatch/middleware/templates/rescues/routing_error.erb within rescues/layout (20.1ms)


Started GET "/sessions/create" for 127.0.0.1 at 2014-08-21 15:30:36 +0530
  [1m[36mActiveRecord::SchemaMigration Load (0.3ms)[0m  [1mSELECT `schema_migrations`.* FROM `schema_migrations`[0m

ActionController::RoutingError (No route matches [GET] "/sessions/create"):
  actionpack (4.0.0) lib/action_dispatch/middleware/debug_exceptions.rb:21:in `call'
  actionpack (4.0.0) lib/action_dispatch/middleware/show_exceptions.rb:30:in `call'
  railties (4.0.0) lib/rails/rack/logger.rb:38:in `call_app'
  railties (4.0.0) lib/rails/rack/logger.rb:21:in `block in call'
  activesupport (4.0.0) lib/active_support/tagged_logging.rb:67:in `block in tagged'
  activesupport (4.0.0) lib/active_support/tagged_logging.rb:25:in `tagged'
  activesupport (4.0.0) lib/active_support/tagged_logging.rb:67:in `tagged'
  railties (4.0.0) lib/rails/rack/logger.rb:21:in `call'
  actionpack (4.0.0) lib/action_dispatch/middleware/request_id.rb:21:in `call'
  rack (1.5.2) lib/rack/methodoverride.rb:21:in `call'
  rack (1.5.2) lib/rack/runtime.rb:17:in `call'
  activesupport (4.0.0) lib/active_support/cache/strategy/local_cache.rb:83:in `call'
  rack (1.5.2) lib/rack/lock.rb:17:in `call'
  actionpack (4.0.0) lib/action_dispatch/middleware/static.rb:64:in `call'
  railties (4.0.0) lib/rails/engine.rb:511:in `call'
  railties (4.0.0) lib/rails/application.rb:97:in `call'
  rack (1.5.2) lib/rack/lock.rb:17:in `call'
  rack (1.5.2) lib/rack/content_length.rb:14:in `call'
  rack (1.5.2) lib/rack/handler/webrick.rb:60:in `service'
  /usr/lib/ruby/1.9.1/webrick/httpserver.rb:138:in `service'
  /usr/lib/ruby/1.9.1/webrick/httpserver.rb:94:in `run'
  /usr/lib/ruby/1.9.1/webrick/server.rb:191:in `block in start_thread'


  Rendered /usr/lib/ruby/gems/1.9.1/gems/actionpack-4.0.0/lib/action_dispatch/middleware/templates/rescues/_trace.erb (1.2ms)
  Rendered /usr/lib/ruby/gems/1.9.1/gems/actionpack-4.0.0/lib/action_dispatch/middleware/templates/routes/_route.html.erb (1.2ms)
  Rendered /usr/lib/ruby/gems/1.9.1/gems/actionpack-4.0.0/lib/action_dispatch/middleware/templates/routes/_table.html.erb (27.0ms)
  Rendered /usr/lib/ruby/gems/1.9.1/gems/actionpack-4.0.0/lib/action_dispatch/middleware/templates/rescues/routing_error.erb within rescues/layout (48.2ms)


Started GET "/" for 127.0.0.1 at 2014-08-21 15:30:41 +0530
Processing by HomeController#show as HTML
  Rendered home/show.html.erb within layouts/application (0.4ms)
Completed 200 OK in 75ms (Views: 51.3ms | ActiveRecord: 0.0ms)


Started GET "/assets/application.css?body=1" for 127.0.0.1 at 2014-08-21 15:30:41 +0530


Started GET "/assets/home.css?body=1" for 127.0.0.1 at 2014-08-21 15:30:41 +0530


Started GET "/assets/sessions.css?body=1" for 127.0.0.1 at 2014-08-21 15:30:41 +0530


Started GET "/assets/jquery.js?body=1" for 127.0.0.1 at 2014-08-21 15:30:41 +0530


Started GET "/assets/jquery_ujs.js?body=1" for 127.0.0.1 at 2014-08-21 15:30:41 +0530


Started GET "/assets/turbolinks.js?body=1" for 127.0.0.1 at 2014-08-21 15:30:41 +0530


Started GET "/assets/home.js?body=1" for 127.0.0.1 at 2014-08-21 15:30:41 +0530


Started GET "/assets/sessions.js?body=1" for 127.0.0.1 at 2014-08-21 15:30:41 +0530


Started GET "/assets/application.js?body=1" for 127.0.0.1 at 2014-08-21 15:30:41 +0530


Started GET "/auth/facebook" for 127.0.0.1 at 2014-08-21 15:30:43 +0530
(facebook) Request phase initiated.


Started GET "/auth/facebook" for 127.0.0.1 at 2014-08-21 15:30:43 +0530
(facebook) Request phase initiated.


Started GET "/" for 127.0.0.1 at 2014-08-21 15:31:50 +0530
Processing by HomeController#show as HTML
  Rendered home/show.html.erb within layouts/application (0.1ms)
Completed 200 OK in 6ms (Views: 4.8ms | ActiveRecord: 0.0ms)


Started GET "/assets/application.css?body=1" for 127.0.0.1 at 2014-08-21 15:31:50 +0530


Started GET "/assets/home.css?body=1" for 127.0.0.1 at 2014-08-21 15:31:50 +0530


Started GET "/assets/sessions.css?body=1" for 127.0.0.1 at 2014-08-21 15:31:50 +0530


Started GET "/assets/jquery.js?body=1" for 127.0.0.1 at 2014-08-21 15:31:50 +0530


Started GET "/assets/home.js?body=1" for 127.0.0.1 at 2014-08-21 15:31:50 +0530


Started GET "/assets/jquery_ujs.js?body=1" for 127.0.0.1 at 2014-08-21 15:31:50 +0530


Started GET "/assets/turbolinks.js?body=1" for 127.0.0.1 at 2014-08-21 15:31:50 +0530


Started GET "/assets/application.js?body=1" for 127.0.0.1 at 2014-08-21 15:31:50 +0530


Started GET "/assets/sessions.js?body=1" for 127.0.0.1 at 2014-08-21 15:31:50 +0530


Started GET "/auth/facebook" for 127.0.0.1 at 2014-08-21 15:31:51 +0530
(facebook) Request phase initiated.


Started GET "/auth/facebook" for 127.0.0.1 at 2014-08-21 15:31:51 +0530
(facebook) Request phase initiated.


Started GET "/" for 127.0.0.1 at 2014-08-21 15:32:34 +0530
  [1m[36mActiveRecord::SchemaMigration Load (0.2ms)[0m  [1mSELECT `schema_migrations`.* FROM `schema_migrations`[0m
Processing by HomeController#show as HTML
  Rendered home/show.html.erb within layouts/application (2.1ms)
Completed 200 OK in 99ms (Views: 76.9ms | ActiveRecord: 0.0ms)


Started GET "/assets/application.css?body=1" for 127.0.0.1 at 2014-08-21 15:32:35 +0530


Started GET "/assets/sessions.css?body=1" for 127.0.0.1 at 2014-08-21 15:32:35 +0530


Started GET "/assets/home.css?body=1" for 127.0.0.1 at 2014-08-21 15:32:35 +0530


Started GET "/assets/turbolinks.js?body=1" for 127.0.0.1 at 2014-08-21 15:32:35 +0530


Started GET "/assets/jquery.js?body=1" for 127.0.0.1 at 2014-08-21 15:32:35 +0530


Started GET "/assets/jquery_ujs.js?body=1" for 127.0.0.1 at 2014-08-21 15:32:35 +0530


Started GET "/assets/home.js?body=1" for 127.0.0.1 at 2014-08-21 15:32:35 +0530


Started GET "/assets/sessions.js?body=1" for 127.0.0.1 at 2014-08-21 15:32:35 +0530


Started GET "/assets/application.js?body=1" for 127.0.0.1 at 2014-08-21 15:32:35 +0530


Started GET "/auth/facebook" for 127.0.0.1 at 2014-08-21 15:32:36 +0530
(facebook) Request phase initiated.


Started GET "/auth/facebook" for 127.0.0.1 at 2014-08-21 15:32:36 +0530
(facebook) Request phase initiated.


Started GET "/" for 127.0.0.1 at 2014-08-21 15:37:55 +0530

NoMethodError (undefined method `match' for main:Object):
  config/routes.rb:1:in `<top (required)>'


  Rendered /usr/lib/ruby/gems/1.9.1/gems/actionpack-4.0.0/lib/action_dispatch/middleware/templates/rescues/_source.erb (0.6ms)
  Rendered /usr/lib/ruby/gems/1.9.1/gems/actionpack-4.0.0/lib/action_dispatch/middleware/templates/rescues/_trace.erb (1.2ms)
  Rendered /usr/lib/ruby/gems/1.9.1/gems/actionpack-4.0.0/lib/action_dispatch/middleware/templates/rescues/_request_and_response.erb (1.0ms)
  Rendered /usr/lib/ruby/gems/1.9.1/gems/actionpack-4.0.0/lib/action_dispatch/middleware/templates/rescues/diagnostics.erb within rescues/layout (13.8ms)


Started GET "/" for 127.0.0.1 at 2014-08-21 15:38:27 +0530
Processing by Rails::WelcomeController#index as HTML
  Rendered /usr/lib/ruby/gems/1.9.1/gems/railties-4.0.0/lib/rails/templates/rails/welcome/index.html.erb (1.6ms)
Completed 200 OK in 31ms (Views: 29.0ms | ActiveRecord: 0.0ms)


Started GET "/" for 127.0.0.1 at 2014-08-21 15:38:36 +0530
Processing by HomeController#show as HTML
  Rendered home/show.html.erb within layouts/application (0.1ms)
Completed 200 OK in 5ms (Views: 3.6ms | ActiveRecord: 0.0ms)


Started GET "/assets/application.css?body=1" for 127.0.0.1 at 2014-08-21 15:38:36 +0530


Started GET "/assets/home.css?body=1" for 127.0.0.1 at 2014-08-21 15:38:36 +0530


Started GET "/assets/jquery.js?body=1" for 127.0.0.1 at 2014-08-21 15:38:36 +0530


Started GET "/assets/sessions.css?body=1" for 127.0.0.1 at 2014-08-21 15:38:36 +0530


Started GET "/assets/jquery_ujs.js?body=1" for 127.0.0.1 at 2014-08-21 15:38:36 +0530


Started GET "/assets/turbolinks.js?body=1" for 127.0.0.1 at 2014-08-21 15:38:36 +0530


Started GET "/assets/home.js?body=1" for 127.0.0.1 at 2014-08-21 15:38:36 +0530


Started GET "/assets/sessions.js?body=1" for 127.0.0.1 at 2014-08-21 15:38:36 +0530


Started GET "/assets/application.js?body=1" for 127.0.0.1 at 2014-08-21 15:38:36 +0530


Started GET "/" for 127.0.0.1 at 2014-08-21 15:38:45 +0530
Processing by Rails::WelcomeController#index as HTML
  Rendered /usr/lib/ruby/gems/1.9.1/gems/railties-4.0.0/lib/rails/templates/rails/welcome/index.html.erb (0.1ms)
Completed 200 OK in 2ms (Views: 1.6ms | ActiveRecord: 0.0ms)


Started GET "/home/show" for 127.0.0.1 at 2014-08-21 15:39:10 +0530

ActionController::RoutingError (No route matches [GET] "/home/show"):
  actionpack (4.0.0) lib/action_dispatch/middleware/debug_exceptions.rb:21:in `call'
  actionpack (4.0.0) lib/action_dispatch/middleware/show_exceptions.rb:30:in `call'
  railties (4.0.0) lib/rails/rack/logger.rb:38:in `call_app'
  railties (4.0.0) lib/rails/rack/logger.rb:21:in `block in call'
  activesupport (4.0.0) lib/active_support/tagged_logging.rb:67:in `block in tagged'
  activesupport (4.0.0) lib/active_support/tagged_logging.rb:25:in `tagged'
  activesupport (4.0.0) lib/active_support/tagged_logging.rb:67:in `tagged'
  railties (4.0.0) lib/rails/rack/logger.rb:21:in `call'
  actionpack (4.0.0) lib/action_dispatch/middleware/request_id.rb:21:in `call'
  rack (1.5.2) lib/rack/methodoverride.rb:21:in `call'
  rack (1.5.2) lib/rack/runtime.rb:17:in `call'
  activesupport (4.0.0) lib/active_support/cache/strategy/local_cache.rb:83:in `call'
  rack (1.5.2) lib/rack/lock.rb:17:in `call'
  actionpack (4.0.0) lib/action_dispatch/middleware/static.rb:64:in `call'
  railties (4.0.0) lib/rails/engine.rb:511:in `call'
  railties (4.0.0) lib/rails/application.rb:97:in `call'
  rack (1.5.2) lib/rack/lock.rb:17:in `call'
  rack (1.5.2) lib/rack/content_length.rb:14:in `call'
  rack (1.5.2) lib/rack/handler/webrick.rb:60:in `service'
  /usr/lib/ruby/1.9.1/webrick/httpserver.rb:138:in `service'
  /usr/lib/ruby/1.9.1/webrick/httpserver.rb:94:in `run'
  /usr/lib/ruby/1.9.1/webrick/server.rb:191:in `block in start_thread'


  Rendered /usr/lib/ruby/gems/1.9.1/gems/actionpack-4.0.0/lib/action_dispatch/middleware/templates/rescues/_trace.erb (1.2ms)
  Rendered /usr/lib/ruby/gems/1.9.1/gems/actionpack-4.0.0/lib/action_dispatch/middleware/templates/routes/_route.html.erb (1.2ms)
  Rendered /usr/lib/ruby/gems/1.9.1/gems/actionpack-4.0.0/lib/action_dispatch/middleware/templates/routes/_table.html.erb (6.6ms)
  Rendered /usr/lib/ruby/gems/1.9.1/gems/actionpack-4.0.0/lib/action_dispatch/middleware/templates/rescues/routing_error.erb within rescues/layout (28.7ms)


Started GET "/" for 127.0.0.1 at 2014-08-21 15:39:46 +0530
Processing by HomeController#show as HTML
  Rendered home/show.html.erb within layouts/application (0.1ms)
Completed 200 OK in 5ms (Views: 3.5ms | ActiveRecord: 0.0ms)


Started GET "/assets/application.css?body=1" for 127.0.0.1 at 2014-08-21 15:39:46 +0530


Started GET "/assets/home.css?body=1" for 127.0.0.1 at 2014-08-21 15:39:46 +0530


Started GET "/assets/sessions.css?body=1" for 127.0.0.1 at 2014-08-21 15:39:46 +0530


Started GET "/assets/jquery.js?body=1" for 127.0.0.1 at 2014-08-21 15:39:46 +0530


Started GET "/assets/jquery_ujs.js?body=1" for 127.0.0.1 at 2014-08-21 15:39:46 +0530


Started GET "/assets/turbolinks.js?body=1" for 127.0.0.1 at 2014-08-21 15:39:46 +0530


Started GET "/assets/home.js?body=1" for 127.0.0.1 at 2014-08-21 15:39:46 +0530


Started GET "/assets/sessions.js?body=1" for 127.0.0.1 at 2014-08-21 15:39:46 +0530


Started GET "/assets/application.js?body=1" for 127.0.0.1 at 2014-08-21 15:39:46 +0530


Started GET "/auth/facebook" for 127.0.0.1 at 2014-08-21 15:39:48 +0530
(facebook) Request phase initiated.


Started GET "/auth/facebook" for 127.0.0.1 at 2014-08-21 15:39:48 +0530
(facebook) Request phase initiated.


Started GET "/" for 127.0.0.1 at 2014-08-21 15:46:35 +0530
Processing by HomeController#show as HTML
  Rendered home/show.html.erb within layouts/application (0.1ms)
Completed 200 OK in 4ms (Views: 3.2ms | ActiveRecord: 0.0ms)


Started GET "/assets/application.css?body=1" for 127.0.0.1 at 2014-08-21 15:46:35 +0530


Started GET "/assets/home.css?body=1" for 127.0.0.1 at 2014-08-21 15:46:35 +0530


Started GET "/assets/sessions.css?body=1" for 127.0.0.1 at 2014-08-21 15:46:35 +0530


Started GET "/assets/jquery_ujs.js?body=1" for 127.0.0.1 at 2014-08-21 15:46:35 +0530


Started GET "/assets/turbolinks.js?body=1" for 127.0.0.1 at 2014-08-21 15:46:35 +0530


Started GET "/assets/jquery.js?body=1" for 127.0.0.1 at 2014-08-21 15:46:35 +0530


Started GET "/assets/home.js?body=1" for 127.0.0.1 at 2014-08-21 15:46:35 +0530


Started GET "/assets/sessions.js?body=1" for 127.0.0.1 at 2014-08-21 15:46:35 +0530


Started GET "/assets/application.js?body=1" for 127.0.0.1 at 2014-08-21 15:46:35 +0530


Started GET "/auth/facebook" for 127.0.0.1 at 2014-08-21 15:46:36 +0530
(facebook) Request phase initiated.


Started GET "/auth/facebook" for 127.0.0.1 at 2014-08-21 15:46:36 +0530
(facebook) Request phase initiated.


Started GET "/" for 127.0.0.1 at 2014-08-21 15:48:54 +0530
Processing by HomeController#show as HTML
  Rendered home/show.html.erb within layouts/application (0.1ms)
Completed 200 OK in 8ms (Views: 6.5ms | ActiveRecord: 0.0ms)


Started GET "/assets/application.css?body=1" for 127.0.0.1 at 2014-08-21 15:48:54 +0530


Started GET "/assets/home.css?body=1" for 127.0.0.1 at 2014-08-21 15:48:54 +0530


Started GET "/assets/sessions.css?body=1" for 127.0.0.1 at 2014-08-21 15:48:54 +0530


Started GET "/assets/jquery.js?body=1" for 127.0.0.1 at 2014-08-21 15:48:54 +0530


Started GET "/assets/jquery_ujs.js?body=1" for 127.0.0.1 at 2014-08-21 15:48:54 +0530


Started GET "/assets/turbolinks.js?body=1" for 127.0.0.1 at 2014-08-21 15:48:54 +0530


Started GET "/assets/home.js?body=1" for 127.0.0.1 at 2014-08-21 15:48:54 +0530


Started GET "/assets/sessions.js?body=1" for 127.0.0.1 at 2014-08-21 15:48:54 +0530


Started GET "/assets/application.js?body=1" for 127.0.0.1 at 2014-08-21 15:48:54 +0530


Started GET "/auth/facebook" for 127.0.0.1 at 2014-08-21 15:48:55 +0530
(facebook) Request phase initiated.


Started GET "/auth/facebook" for 127.0.0.1 at 2014-08-21 15:48:55 +0530
(facebook) Request phase initiated.


Started GET "/auth/facebook/callback?code=AQAGH2CSdltHhVK-aaQjJRtEL5mR4lp8JLaP10CXo-2QOgqHjrZZISFzncggJ42qbFRX1iEV5dcTf5BfW_REhnge4ourVTsuQWApfU047nwVLBZ_JjUVDyjcM40TWDAiTq-Umi_hQKzxSvz1OrGvFuC1m-VOBupSSE37yAN2RyJ_b7wPsX7wsBHx1m512LYiWUCKYq6XSar56rIIuZEzXMV50g2X7JUMpKtu7ADVW8CUQRcotw_MYx2eTf7grPvINhBUVX_kspvezczGgRd19-UGxKcyqDOuI1AfnAZ1nQ7c-1oFU_sEaIAfZ7NV2rtKiLAukqbie3_JNXq-5uest4tl&state=5656f4e318f8cf555f65e544573c3c6a0d69abf0f1b8825b" for 127.0.0.1 at 2014-08-21 15:49:06 +0530
(facebook) Callback phase initiated.
Processing by SessionsController#create as HTML
  Parameters: {"code"=>"AQAGH2CSdltHhVK-aaQjJRtEL5mR4lp8JLaP10CXo-2QOgqHjrZZISFzncggJ42qbFRX1iEV5dcTf5BfW_REhnge4ourVTsuQWApfU047nwVLBZ_JjUVDyjcM40TWDAiTq-Umi_hQKzxSvz1OrGvFuC1m-VOBupSSE37yAN2RyJ_b7wPsX7wsBHx1m512LYiWUCKYq6XSar56rIIuZEzXMV50g2X7JUMpKtu7ADVW8CUQRcotw_MYx2eTf7grPvINhBUVX_kspvezczGgRd19-UGxKcyqDOuI1AfnAZ1nQ7c-1oFU_sEaIAfZ7NV2rtKiLAukqbie3_JNXq-5uest4tl", "state"=>"5656f4e318f8cf555f65e544573c3c6a0d69abf0f1b8825b", "provider"=>"facebook"}
  Rendered text template (0.0ms)
Completed 200 OK in 37ms (Views: 35.4ms | ActiveRecord: 0.0ms)


Started GET "/" for 127.0.0.1 at 2014-08-21 15:50:28 +0530
Processing by HomeController#show as HTML
  Rendered home/show.html.erb within layouts/application (0.1ms)
Completed 200 OK in 7ms (Views: 4.6ms | ActiveRecord: 0.0ms)


Started GET "/assets/application.css?body=1" for 127.0.0.1 at 2014-08-21 15:50:28 +0530


Started GET "/assets/home.css?body=1" for 127.0.0.1 at 2014-08-21 15:50:28 +0530


Started GET "/assets/sessions.css?body=1" for 127.0.0.1 at 2014-08-21 15:50:28 +0530


Started GET "/assets/jquery.js?body=1" for 127.0.0.1 at 2014-08-21 15:50:28 +0530


Started GET "/assets/jquery_ujs.js?body=1" for 127.0.0.1 at 2014-08-21 15:50:28 +0530


Started GET "/assets/turbolinks.js?body=1" for 127.0.0.1 at 2014-08-21 15:50:28 +0530


Started GET "/assets/home.js?body=1" for 127.0.0.1 at 2014-08-21 15:50:28 +0530


Started GET "/assets/sessions.js?body=1" for 127.0.0.1 at 2014-08-21 15:50:28 +0530


Started GET "/assets/application.js?body=1" for 127.0.0.1 at 2014-08-21 15:50:28 +0530


Started GET "/" for 127.0.0.1 at 2014-08-21 15:55:22 +0530
Processing by HomeController#show as HTML
  Rendered home/show.html.erb within layouts/application (0.4ms)
Completed 200 OK in 5ms (Views: 4.0ms | ActiveRecord: 0.0ms)


Started GET "/assets/application.css?body=1" for 127.0.0.1 at 2014-08-21 15:55:22 +0530


Started GET "/assets/home.css?body=1" for 127.0.0.1 at 2014-08-21 15:55:22 +0530


Started GET "/assets/sessions.css?body=1" for 127.0.0.1 at 2014-08-21 15:55:22 +0530


Started GET "/assets/jquery.js?body=1" for 127.0.0.1 at 2014-08-21 15:55:22 +0530


Started GET "/assets/jquery_ujs.js?body=1" for 127.0.0.1 at 2014-08-21 15:55:22 +0530


Started GET "/assets/turbolinks.js?body=1" for 127.0.0.1 at 2014-08-21 15:55:22 +0530


Started GET "/assets/home.js?body=1" for 127.0.0.1 at 2014-08-21 15:55:22 +0530


Started GET "/assets/application.js?body=1" for 127.0.0.1 at 2014-08-21 15:55:22 +0530


Started GET "/assets/sessions.js?body=1" for 127.0.0.1 at 2014-08-21 15:55:22 +0530
